  main.cpp
C:\Users\Pun Punyawat\OneDrive\Desktop\SFML\SFML_Game\SFML_Game\main.cpp(63,12): warning C4244: 'argument': conversion from 'time_t' to 'unsigned int', possible loss of data
C:\Users\Pun Punyawat\OneDrive\Desktop\SFML\SFML_Game\SFML_Game\main.cpp(67,48): warning C4244: 'argument': conversion from 'float' to 'unsigned int', possible loss of data
C:\Users\Pun Punyawat\OneDrive\Desktop\SFML\SFML_Game\SFML_Game\main.cpp(67,40): warning C4244: 'argument': conversion from 'float' to 'unsigned int', possible loss of data
C:\Users\Pun Punyawat\OneDrive\Desktop\SFML\SFML_Game\SFML_Game\main.cpp(531,21): warning C4305: '-=': truncation from 'double' to 'float'
C:\Users\Pun Punyawat\OneDrive\Desktop\SFML\SFML_Game\SFML_Game\main.cpp(543,74): warning C4554: '&': check operator precedence for possible error; use parentheses to clarify precedence
C:\Users\Pun Punyawat\OneDrive\Desktop\SFML\SFML_Game\SFML_Game\main.cpp(577,33): warning C4244: 'argument': conversion from 'int' to 'T', possible loss of data
          with
          [
              T=float
          ]
C:\Users\Pun Punyawat\OneDrive\Desktop\SFML\SFML_Game\SFML_Game\main.cpp(670,34): warning C4244: 'argument': conversion from 'int' to 'T', possible loss of data
          with
          [
              T=float
          ]
C:\Users\Pun Punyawat\OneDrive\Desktop\SFML\SFML_Game\SFML_Game\main.cpp(822,31): warning C4244: 'argument': conversion from 'int' to 'T', possible loss of data
          with
          [
              T=float
          ]
C:\Users\Pun Punyawat\OneDrive\Desktop\SFML\SFML_Game\SFML_Game\main.cpp(42,51): warning C4390: ';': empty controlled statement found; is this the intent?
C:\Users\Pun Punyawat\OneDrive\Desktop\SFML\SFML_Game\SFML_Game\main.cpp(390,4): warning C4060: switch statement contains no 'case' or 'default' labels
C:\Users\Pun Punyawat\OneDrive\Desktop\SFML\SFML_Game\SFML_Game\main.cpp(82,12): warning C4101: 'evnt': unreferenced local variable
  SFML_Game.vcxproj -> C:\Users\Pun Punyawat\OneDrive\Desktop\SFML\SFML_Game\Debug\SFML_Game.exe
